2023-02-12T08:21:44+00:00 CRITICAL Uncaught RuntimeException: Lỗi lưu hành động: Database error. in C:\xampp\htdocs\bepnamduongvn\wp-content\plugins\woocommerce\packages\action-scheduler\classes\data-stores\ActionScheduler_DBStore.php:86
Stack trace:
#0 C:\xampp\htdocs\bepnamduongvn\wp-content\plugins\woocommerce\packages\action-scheduler\classes\ActionScheduler_ActionFactory.php(177): ActionScheduler_DBStore->save_action(Object(ActionScheduler_Action))
#1 C:\xampp\htdocs\bepnamduongvn\wp-content\plugins\woocommerce\packages\action-scheduler\classes\ActionScheduler_ActionFactory.php(84): ActionScheduler_ActionFactory->store(Object(ActionScheduler_Action))
#2 C:\xampp\htdocs\bepnamduongvn\wp-content\plugins\woocommerce\packages\action-scheduler\functions.php(36): ActionScheduler_ActionFactory->single('woocommerce_run...', Array, 1676190105, 'woocommerce-db-...')
#3 C:\xampp\htdocs\bepnamduongvn\wp-content\plugins\woocommerce\includes\queue\class-wc-action-queue.php(44): as_schedule_single_action(1676190105, 'woocommerce_run...', Array, ' in C:\xampp\htdocs\bepnamduongvn\wp-content\plugins\woocommerce\packages\action-scheduler\classes\data-stores\ActionScheduler_DBStore.php on line 86

2023-02-12T08:22:01+00:00 CRITICAL Uncaught RuntimeException: Lỗi lưu hành động: Database error. in C:\xampp\htdocs\bepnamduongvn\wp-content\plugins\woocommerce\packages\action-scheduler\classes\data-stores\ActionScheduler_DBStore.php:86
Stack trace:
#0 C:\xampp\htdocs\bepnamduongvn\wp-content\plugins\woocommerce\packages\action-scheduler\classes\ActionScheduler_ActionFactory.php(177): ActionScheduler_DBStore->save_action(Object(ActionScheduler_Action))
#1 C:\xampp\htdocs\bepnamduongvn\wp-content\plugins\woocommerce\packages\action-scheduler\classes\ActionScheduler_ActionFactory.php(105): ActionScheduler_ActionFactory->store(Object(ActionScheduler_Action))
#2 C:\xampp\htdocs\bepnamduongvn\wp-content\plugins\woocommerce\packages\action-scheduler\functions.php(54): ActionScheduler_ActionFactory->recurring('woocommerce_cle...', Array, false, 86400, '')
#3 C:\xampp\htdocs\bepnamduongvn\wp-content\plugins\woocommerce\packages\woocommerce-blocks\src\Domain\Services\DraftOrders.php(65): as_schedule_recurring_action(false, 86400, 'woocommerce_c in C:\xampp\htdocs\bepnamduongvn\wp-content\plugins\woocommerce\packages\action-scheduler\classes\data-stores\ActionScheduler_DBStore.php on line 86

2023-02-12T08:22:22+00:00 CRITICAL Uncaught RuntimeException: Lỗi lưu hành động: Database error. in C:\xampp\htdocs\bepnamduongvn\wp-content\plugins\woocommerce\packages\action-scheduler\classes\data-stores\ActionScheduler_DBStore.php:86
Stack trace:
#0 C:\xampp\htdocs\bepnamduongvn\wp-content\plugins\woocommerce\packages\action-scheduler\classes\ActionScheduler_ActionFactory.php(177): ActionScheduler_DBStore->save_action(Object(ActionScheduler_Action))
#1 C:\xampp\htdocs\bepnamduongvn\wp-content\plugins\woocommerce\packages\action-scheduler\classes\ActionScheduler_ActionFactory.php(84): ActionScheduler_ActionFactory->store(Object(ActionScheduler_Action))
#2 C:\xampp\htdocs\bepnamduongvn\wp-content\plugins\woocommerce\packages\action-scheduler\functions.php(36): ActionScheduler_ActionFactory->single('woocommerce_run...', Array, 1676190143, 'woocommerce-db-...')
#3 C:\xampp\htdocs\bepnamduongvn\wp-content\plugins\woocommerce\includes\queue\class-wc-action-queue.php(44): as_schedule_single_action(1676190143, 'woocommerce_run...', Array, ' in C:\xampp\htdocs\bepnamduongvn\wp-content\plugins\woocommerce\packages\action-scheduler\classes\data-stores\ActionScheduler_DBStore.php on line 86

2023-02-12T08:22:59+00:00 CRITICAL Uncaught RuntimeException: Lỗi lưu hành động: Database error. in C:\xampp\htdocs\bepnamduongvn\wp-content\plugins\woocommerce\packages\action-scheduler\classes\data-stores\ActionScheduler_DBStore.php:86
Stack trace:
#0 C:\xampp\htdocs\bepnamduongvn\wp-content\plugins\woocommerce\packages\action-scheduler\classes\ActionScheduler_ActionFactory.php(177): ActionScheduler_DBStore->save_action(Object(ActionScheduler_Action))
#1 C:\xampp\htdocs\bepnamduongvn\wp-content\plugins\woocommerce\packages\action-scheduler\classes\ActionScheduler_ActionFactory.php(84): ActionScheduler_ActionFactory->store(Object(ActionScheduler_Action))
#2 C:\xampp\htdocs\bepnamduongvn\wp-content\plugins\woocommerce\packages\action-scheduler\functions.php(36): ActionScheduler_ActionFactory->single('woocommerce_run...', Array, 1676190180, 'woocommerce-db-...')
#3 C:\xampp\htdocs\bepnamduongvn\wp-content\plugins\woocommerce\includes\queue\class-wc-action-queue.php(44): as_schedule_single_action(1676190180, 'woocommerce_run...', Array, ' in C:\xampp\htdocs\bepnamduongvn\wp-content\plugins\woocommerce\packages\action-scheduler\classes\data-stores\ActionScheduler_DBStore.php on line 86

2023-02-12T08:33:18+00:00 CRITICAL Uncaught RuntimeException: Lỗi lưu hành động: Database error. in C:\xampp\htdocs\bepnamduongvn\wp-content\plugins\woocommerce\packages\action-scheduler\classes\data-stores\ActionScheduler_DBStore.php:86
Stack trace:
#0 C:\xampp\htdocs\bepnamduongvn\wp-content\plugins\woocommerce\packages\action-scheduler\classes\ActionScheduler_ActionFactory.php(177): ActionScheduler_DBStore->save_action(Object(ActionScheduler_Action))
#1 C:\xampp\htdocs\bepnamduongvn\wp-content\plugins\woocommerce\packages\action-scheduler\classes\ActionScheduler_ActionFactory.php(84): ActionScheduler_ActionFactory->store(Object(ActionScheduler_Action))
#2 C:\xampp\htdocs\bepnamduongvn\wp-content\plugins\woocommerce\packages\action-scheduler\functions.php(36): ActionScheduler_ActionFactory->single('woocommerce_run...', Array, 1676190799, 'woocommerce-db-...')
#3 C:\xampp\htdocs\bepnamduongvn\wp-content\plugins\woocommerce\includes\queue\class-wc-action-queue.php(44): as_schedule_single_action(1676190799, 'woocommerce_run...', Array, ' in C:\xampp\htdocs\bepnamduongvn\wp-content\plugins\woocommerce\packages\action-scheduler\classes\data-stores\ActionScheduler_DBStore.php on line 86

2023-02-12T08:33:39+00:00 CRITICAL Uncaught RuntimeException: Lỗi lưu hành động: Database error. in C:\xampp\htdocs\bepnamduongvn\wp-content\plugins\woocommerce\packages\action-scheduler\classes\data-stores\ActionScheduler_DBStore.php:86
Stack trace:
#0 C:\xampp\htdocs\bepnamduongvn\wp-content\plugins\woocommerce\packages\action-scheduler\classes\ActionScheduler_ActionFactory.php(177): ActionScheduler_DBStore->save_action(Object(ActionScheduler_Action))
#1 C:\xampp\htdocs\bepnamduongvn\wp-content\plugins\woocommerce\packages\action-scheduler\classes\ActionScheduler_ActionFactory.php(84): ActionScheduler_ActionFactory->store(Object(ActionScheduler_Action))
#2 C:\xampp\htdocs\bepnamduongvn\wp-content\plugins\woocommerce\packages\action-scheduler\functions.php(36): ActionScheduler_ActionFactory->single('woocommerce_run...', Array, 1676190820, 'woocommerce-db-...')
#3 C:\xampp\htdocs\bepnamduongvn\wp-content\plugins\woocommerce\includes\queue\class-wc-action-queue.php(44): as_schedule_single_action(1676190820, 'woocommerce_run...', Array, ' in C:\xampp\htdocs\bepnamduongvn\wp-content\plugins\woocommerce\packages\action-scheduler\classes\data-stores\ActionScheduler_DBStore.php on line 86

2023-02-12T08:34:00+00:00 CRITICAL Uncaught RuntimeException: Lỗi lưu hành động: Database error. in C:\xampp\htdocs\bepnamduongvn\wp-content\plugins\woocommerce\packages\action-scheduler\classes\data-stores\ActionScheduler_DBStore.php:86
Stack trace:
#0 C:\xampp\htdocs\bepnamduongvn\wp-content\plugins\woocommerce\packages\action-scheduler\classes\ActionScheduler_ActionFactory.php(177): ActionScheduler_DBStore->save_action(Object(ActionScheduler_Action))
#1 C:\xampp\htdocs\bepnamduongvn\wp-content\plugins\woocommerce\packages\action-scheduler\classes\ActionScheduler_ActionFactory.php(84): ActionScheduler_ActionFactory->store(Object(ActionScheduler_Action))
#2 C:\xampp\htdocs\bepnamduongvn\wp-content\plugins\woocommerce\packages\action-scheduler\functions.php(36): ActionScheduler_ActionFactory->single('woocommerce_run...', Array, 1676190841, 'woocommerce-db-...')
#3 C:\xampp\htdocs\bepnamduongvn\wp-content\plugins\woocommerce\includes\queue\class-wc-action-queue.php(44): as_schedule_single_action(1676190841, 'woocommerce_run...', Array, ' in C:\xampp\htdocs\bepnamduongvn\wp-content\plugins\woocommerce\packages\action-scheduler\classes\data-stores\ActionScheduler_DBStore.php on line 86

2023-02-12T08:41:22+00:00 CRITICAL Uncaught RuntimeException: Lỗi lưu hành động: Database error. in C:\xampp\htdocs\bepnamduongvn\wp-content\plugins\woocommerce\packages\action-scheduler\classes\data-stores\ActionScheduler_DBStore.php:86
Stack trace:
#0 C:\xampp\htdocs\bepnamduongvn\wp-content\plugins\woocommerce\packages\action-scheduler\classes\ActionScheduler_ActionFactory.php(177): ActionScheduler_DBStore->save_action(Object(ActionScheduler_Action))
#1 C:\xampp\htdocs\bepnamduongvn\wp-content\plugins\woocommerce\packages\action-scheduler\classes\ActionScheduler_ActionFactory.php(84): ActionScheduler_ActionFactory->store(Object(ActionScheduler_Action))
#2 C:\xampp\htdocs\bepnamduongvn\wp-content\plugins\woocommerce\packages\action-scheduler\functions.php(36): ActionScheduler_ActionFactory->single('woocommerce_run...', Array, 1676191283, 'woocommerce-db-...')
#3 C:\xampp\htdocs\bepnamduongvn\wp-content\plugins\woocommerce\includes\queue\class-wc-action-queue.php(44): as_schedule_single_action(1676191283, 'woocommerce_run...', Array, ' in C:\xampp\htdocs\bepnamduongvn\wp-content\plugins\woocommerce\packages\action-scheduler\classes\data-stores\ActionScheduler_DBStore.php on line 86

2023-02-12T08:42:01+00:00 CRITICAL syntax error, unexpected '}' in C:\xampp\htdocs\bepnamduongvn\wp-content\themes\flatsome-child\functions.php on line 29

2023-02-12T08:42:02+00:00 CRITICAL syntax error, unexpected '}' in C:\xampp\htdocs\bepnamduongvn\wp-content\themes\flatsome-child\functions.php on line 29

2023-02-12T08:42:02+00:00 CRITICAL syntax error, unexpected '}' in C:\xampp\htdocs\bepnamduongvn\wp-content\themes\flatsome-child\functions.php on line 29

2023-02-12T08:42:04+00:00 CRITICAL syntax error, unexpected '}' in C:\xampp\htdocs\bepnamduongvn\wp-content\themes\flatsome-child\functions.php on line 29

2023-02-12T08:42:04+00:00 CRITICAL syntax error, unexpected '}' in C:\xampp\htdocs\bepnamduongvn\wp-content\themes\flatsome-child\functions.php on line 29

2023-02-12T08:42:04+00:00 CRITICAL syntax error, unexpected '}' in C:\xampp\htdocs\bepnamduongvn\wp-content\themes\flatsome-child\functions.php on line 29

2023-02-12T08:42:08+00:00 CRITICAL syntax error, unexpected '}' in C:\xampp\htdocs\bepnamduongvn\wp-content\themes\flatsome-child\functions.php on line 29

2023-02-12T08:42:08+00:00 CRITICAL syntax error, unexpected '}' in C:\xampp\htdocs\bepnamduongvn\wp-content\themes\flatsome-child\functions.php on line 29

2023-02-12T08:42:10+00:00 CRITICAL syntax error, unexpected '}' in C:\xampp\htdocs\bepnamduongvn\wp-content\themes\flatsome-child\functions.php on line 29

2023-02-12T08:42:18+00:00 CRITICAL Uncaught ArgumentCountError: Too few arguments to function add_filter(), 0 passed in C:\xampp\htdocs\bepnamduongvn\wp-content\themes\flatsome-child\functions.php on line 27 and at least 2 expected in C:\xampp\htdocs\bepnamduongvn\wp-includes\plugin.php:121
Stack trace:
#0 C:\xampp\htdocs\bepnamduongvn\wp-content\themes\flatsome-child\functions.php(27): add_filter()
#1 C:\xampp\htdocs\bepnamduongvn\wp-settings.php(585): include('C:\\xampp\\htdocs...')
#2 C:\xampp\htdocs\bepnamduongvn\wp-config.php(96): require_once('C:\\xampp\\htdocs...')
#3 C:\xampp\htdocs\bepnamduongvn\wp-load.php(50): require_once('C:\\xampp\\htdocs...')
#4 C:\xampp\htdocs\bepnamduongvn\wp-admin\admin-ajax.php(22): require_once('C:\\xampp\\htdocs...')
#5 {main}
  thrown in C:\xampp\htdocs\bepnamduongvn\wp-includes\plugin.php on line 121

2023-02-12T08:42:20+00:00 CRITICAL Uncaught ArgumentCountError: Too few arguments to function add_filter(), 0 passed in C:\xampp\htdocs\bepnamduongvn\wp-content\themes\flatsome-child\functions.php on line 27 and at least 2 expected in C:\xampp\htdocs\bepnamduongvn\wp-includes\plugin.php:121
Stack trace:
#0 C:\xampp\htdocs\bepnamduongvn\wp-content\themes\flatsome-child\functions.php(27): add_filter()
#1 C:\xampp\htdocs\bepnamduongvn\wp-settings.php(585): include('C:\\xampp\\htdocs...')
#2 C:\xampp\htdocs\bepnamduongvn\wp-config.php(96): require_once('C:\\xampp\\htdocs...')
#3 C:\xampp\htdocs\bepnamduongvn\wp-load.php(50): require_once('C:\\xampp\\htdocs...')
#4 C:\xampp\htdocs\bepnamduongvn\wp-admin\admin-ajax.php(22): require_once('C:\\xampp\\htdocs...')
#5 {main}
  thrown in C:\xampp\htdocs\bepnamduongvn\wp-includes\plugin.php on line 121

2023-02-12T08:42:21+00:00 CRITICAL Uncaught ArgumentCountError: Too few arguments to function add_filter(), 0 passed in C:\xampp\htdocs\bepnamduongvn\wp-content\themes\flatsome-child\functions.php on line 27 and at least 2 expected in C:\xampp\htdocs\bepnamduongvn\wp-includes\plugin.php:121
Stack trace:
#0 C:\xampp\htdocs\bepnamduongvn\wp-content\themes\flatsome-child\functions.php(27): add_filter()
#1 C:\xampp\htdocs\bepnamduongvn\wp-settings.php(585): include('C:\\xampp\\htdocs...')
#2 C:\xampp\htdocs\bepnamduongvn\wp-config.php(96): require_once('C:\\xampp\\htdocs...')
#3 C:\xampp\htdocs\bepnamduongvn\wp-load.php(50): require_once('C:\\xampp\\htdocs...')
#4 C:\xampp\htdocs\bepnamduongvn\wp-admin\admin-ajax.php(22): require_once('C:\\xampp\\htdocs...')
#5 {main}
  thrown in C:\xampp\htdocs\bepnamduongvn\wp-includes\plugin.php on line 121

2023-02-12T08:42:21+00:00 CRITICAL Uncaught ArgumentCountError: Too few arguments to function add_filter(), 0 passed in C:\xampp\htdocs\bepnamduongvn\wp-content\themes\flatsome-child\functions.php on line 27 and at least 2 expected in C:\xampp\htdocs\bepnamduongvn\wp-includes\plugin.php:121
Stack trace:
#0 C:\xampp\htdocs\bepnamduongvn\wp-content\themes\flatsome-child\functions.php(27): add_filter()
#1 C:\xampp\htdocs\bepnamduongvn\wp-settings.php(585): include('C:\\xampp\\htdocs...')
#2 C:\xampp\htdocs\bepnamduongvn\wp-config.php(96): require_once('C:\\xampp\\htdocs...')
#3 C:\xampp\htdocs\bepnamduongvn\wp-load.php(50): require_once('C:\\xampp\\htdocs...')
#4 C:\xampp\htdocs\bepnamduongvn\wp-admin\admin-ajax.php(22): require_once('C:\\xampp\\htdocs...')
#5 {main}
  thrown in C:\xampp\htdocs\bepnamduongvn\wp-includes\plugin.php on line 121

2023-02-12T08:42:25+00:00 CRITICAL Uncaught ArgumentCountError: Too few arguments to function add_filter(), 0 passed in C:\xampp\htdocs\bepnamduongvn\wp-content\themes\flatsome-child\functions.php on line 27 and at least 2 expected in C:\xampp\htdocs\bepnamduongvn\wp-includes\plugin.php:121
Stack trace:
#0 C:\xampp\htdocs\bepnamduongvn\wp-content\themes\flatsome-child\functions.php(27): add_filter()
#1 C:\xampp\htdocs\bepnamduongvn\wp-settings.php(585): include('C:\\xampp\\htdocs...')
#2 C:\xampp\htdocs\bepnamduongvn\wp-config.php(96): require_once('C:\\xampp\\htdocs...')
#3 C:\xampp\htdocs\bepnamduongvn\wp-load.php(50): require_once('C:\\xampp\\htdocs...')
#4 C:\xampp\htdocs\bepnamduongvn\wp-admin\admin-ajax.php(22): require_once('C:\\xampp\\htdocs...')
#5 {main}
  thrown in C:\xampp\htdocs\bepnamduongvn\wp-includes\plugin.php on line 121

2023-02-12T08:42:28+00:00 CRITICAL Uncaught ArgumentCountError: Too few arguments to function add_filter(), 0 passed in C:\xampp\htdocs\bepnamduongvn\wp-content\themes\flatsome-child\functions.php on line 27 and at least 2 expected in C:\xampp\htdocs\bepnamduongvn\wp-includes\plugin.php:121
Stack trace:
#0 C:\xampp\htdocs\bepnamduongvn\wp-content\themes\flatsome-child\functions.php(27): add_filter()
#1 C:\xampp\htdocs\bepnamduongvn\wp-settings.php(585): include('C:\\xampp\\htdocs...')
#2 C:\xampp\htdocs\bepnamduongvn\wp-config.php(96): require_once('C:\\xampp\\htdocs...')
#3 C:\xampp\htdocs\bepnamduongvn\wp-load.php(50): require_once('C:\\xampp\\htdocs...')
#4 C:\xampp\htdocs\bepnamduongvn\wp-admin\admin-ajax.php(22): require_once('C:\\xampp\\htdocs...')
#5 {main}
  thrown in C:\xampp\htdocs\bepnamduongvn\wp-includes\plugin.php on line 121

2023-02-12T08:42:28+00:00 CRITICAL Uncaught ArgumentCountError: Too few arguments to function add_filter(), 0 passed in C:\xampp\htdocs\bepnamduongvn\wp-content\themes\flatsome-child\functions.php on line 27 and at least 2 expected in C:\xampp\htdocs\bepnamduongvn\wp-includes\plugin.php:121
Stack trace:
#0 C:\xampp\htdocs\bepnamduongvn\wp-content\themes\flatsome-child\functions.php(27): add_filter()
#1 C:\xampp\htdocs\bepnamduongvn\wp-settings.php(585): include('C:\\xampp\\htdocs...')
#2 C:\xampp\htdocs\bepnamduongvn\wp-config.php(96): require_once('C:\\xampp\\htdocs...')
#3 C:\xampp\htdocs\bepnamduongvn\wp-load.php(50): require_once('C:\\xampp\\htdocs...')
#4 C:\xampp\htdocs\bepnamduongvn\wp-admin\admin-ajax.php(22): require_once('C:\\xampp\\htdocs...')
#5 {main}
  thrown in C:\xampp\htdocs\bepnamduongvn\wp-includes\plugin.php on line 121

2023-02-12T08:42:29+00:00 CRITICAL Uncaught ArgumentCountError: Too few arguments to function add_filter(), 0 passed in C:\xampp\htdocs\bepnamduongvn\wp-content\themes\flatsome-child\functions.php on line 27 and at least 2 expected in C:\xampp\htdocs\bepnamduongvn\wp-includes\plugin.php:121
Stack trace:
#0 C:\xampp\htdocs\bepnamduongvn\wp-content\themes\flatsome-child\functions.php(27): add_filter()
#1 C:\xampp\htdocs\bepnamduongvn\wp-settings.php(585): include('C:\\xampp\\htdocs...')
#2 C:\xampp\htdocs\bepnamduongvn\wp-config.php(96): require_once('C:\\xampp\\htdocs...')
#3 C:\xampp\htdocs\bepnamduongvn\wp-load.php(50): require_once('C:\\xampp\\htdocs...')
#4 C:\xampp\htdocs\bepnamduongvn\wp-admin\admin-ajax.php(22): require_once('C:\\xampp\\htdocs...')
#5 {main}
  thrown in C:\xampp\htdocs\bepnamduongvn\wp-includes\plugin.php on line 121

2023-02-12T08:42:29+00:00 CRITICAL Uncaught ArgumentCountError: Too few arguments to function add_filter(), 0 passed in C:\xampp\htdocs\bepnamduongvn\wp-content\themes\flatsome-child\functions.php on line 27 and at least 2 expected in C:\xampp\htdocs\bepnamduongvn\wp-includes\plugin.php:121
Stack trace:
#0 C:\xampp\htdocs\bepnamduongvn\wp-content\themes\flatsome-child\functions.php(27): add_filter()
#1 C:\xampp\htdocs\bepnamduongvn\wp-settings.php(585): include('C:\\xampp\\htdocs...')
#2 C:\xampp\htdocs\bepnamduongvn\wp-config.php(96): require_once('C:\\xampp\\htdocs...')
#3 C:\xampp\htdocs\bepnamduongvn\wp-load.php(50): require_once('C:\\xampp\\htdocs...')
#4 C:\xampp\htdocs\bepnamduongvn\wp-admin\admin-ajax.php(22): require_once('C:\\xampp\\htdocs...')
#5 {main}
  thrown in C:\xampp\htdocs\bepnamduongvn\wp-includes\plugin.php on line 121

2023-02-12T08:42:29+00:00 CRITICAL Uncaught ArgumentCountError: Too few arguments to function add_filter(), 0 passed in C:\xampp\htdocs\bepnamduongvn\wp-content\themes\flatsome-child\functions.php on line 27 and at least 2 expected in C:\xampp\htdocs\bepnamduongvn\wp-includes\plugin.php:121
Stack trace:
#0 C:\xampp\htdocs\bepnamduongvn\wp-content\themes\flatsome-child\functions.php(27): add_filter()
#1 C:\xampp\htdocs\bepnamduongvn\wp-settings.php(585): include('C:\\xampp\\htdocs...')
#2 C:\xampp\htdocs\bepnamduongvn\wp-config.php(96): require_once('C:\\xampp\\htdocs...')
#3 C:\xampp\htdocs\bepnamduongvn\wp-load.php(50): require_once('C:\\xampp\\htdocs...')
#4 C:\xampp\htdocs\bepnamduongvn\wp-admin\admin-ajax.php(22): require_once('C:\\xampp\\htdocs...')
#5 {main}
  thrown in C:\xampp\htdocs\bepnamduongvn\wp-includes\plugin.php on line 121

2023-02-12T08:42:32+00:00 CRITICAL Uncaught ArgumentCountError: Too few arguments to function add_filter(), 0 passed in C:\xampp\htdocs\bepnamduongvn\wp-content\themes\flatsome-child\functions.php on line 27 and at least 2 expected in C:\xampp\htdocs\bepnamduongvn\wp-includes\plugin.php:121
Stack trace:
#0 C:\xampp\htdocs\bepnamduongvn\wp-content\themes\flatsome-child\functions.php(27): add_filter()
#1 C:\xampp\htdocs\bepnamduongvn\wp-settings.php(585): include('C:\\xampp\\htdocs...')
#2 C:\xampp\htdocs\bepnamduongvn\wp-config.php(96): require_once('C:\\xampp\\htdocs...')
#3 C:\xampp\htdocs\bepnamduongvn\wp-load.php(50): require_once('C:\\xampp\\htdocs...')
#4 C:\xampp\htdocs\bepnamduongvn\wp-admin\admin-ajax.php(22): require_once('C:\\xampp\\htdocs...')
#5 {main}
  thrown in C:\xampp\htdocs\bepnamduongvn\wp-includes\plugin.php on line 121

2023-02-12T08:42:32+00:00 CRITICAL Uncaught ArgumentCountError: Too few arguments to function add_filter(), 0 passed in C:\xampp\htdocs\bepnamduongvn\wp-content\themes\flatsome-child\functions.php on line 27 and at least 2 expected in C:\xampp\htdocs\bepnamduongvn\wp-includes\plugin.php:121
Stack trace:
#0 C:\xampp\htdocs\bepnamduongvn\wp-content\themes\flatsome-child\functions.php(27): add_filter()
#1 C:\xampp\htdocs\bepnamduongvn\wp-settings.php(585): include('C:\\xampp\\htdocs...')
#2 C:\xampp\htdocs\bepnamduongvn\wp-config.php(96): require_once('C:\\xampp\\htdocs...')
#3 C:\xampp\htdocs\bepnamduongvn\wp-load.php(50): require_once('C:\\xampp\\htdocs...')
#4 C:\xampp\htdocs\bepnamduongvn\wp-admin\admin-ajax.php(22): require_once('C:\\xampp\\htdocs...')
#5 {main}
  thrown in C:\xampp\htdocs\bepnamduongvn\wp-includes\plugin.php on line 121

2023-02-12T08:42:35+00:00 CRITICAL Uncaught ArgumentCountError: Too few arguments to function add_filter(), 0 passed in C:\xampp\htdocs\bepnamduongvn\wp-content\themes\flatsome-child\functions.php on line 27 and at least 2 expected in C:\xampp\htdocs\bepnamduongvn\wp-includes\plugin.php:121
Stack trace:
#0 C:\xampp\htdocs\bepnamduongvn\wp-content\themes\flatsome-child\functions.php(27): add_filter()
#1 C:\xampp\htdocs\bepnamduongvn\wp-settings.php(585): include('C:\\xampp\\htdocs...')
#2 C:\xampp\htdocs\bepnamduongvn\wp-config.php(96): require_once('C:\\xampp\\htdocs...')
#3 C:\xampp\htdocs\bepnamduongvn\wp-load.php(50): require_once('C:\\xampp\\htdocs...')
#4 C:\xampp\htdocs\bepnamduongvn\wp-admin\admin-ajax.php(22): require_once('C:\\xampp\\htdocs...')
#5 {main}
  thrown in C:\xampp\htdocs\bepnamduongvn\wp-includes\plugin.php on line 121

2023-02-12T08:43:16+00:00 CRITICAL Uncaught ArgumentCountError: Too few arguments to function add_filter(), 0 passed in C:\xampp\htdocs\bepnamduongvn\wp-content\themes\flatsome-child\functions.php on line 27 and at least 2 expected in C:\xampp\htdocs\bepnamduongvn\wp-includes\plugin.php:121
Stack trace:
#0 C:\xampp\htdocs\bepnamduongvn\wp-content\themes\flatsome-child\functions.php(27): add_filter()
#1 C:\xampp\htdocs\bepnamduongvn\wp-settings.php(585): include('C:\\xampp\\htdocs...')
#2 C:\xampp\htdocs\bepnamduongvn\wp-config.php(96): require_once('C:\\xampp\\htdocs...')
#3 C:\xampp\htdocs\bepnamduongvn\wp-load.php(50): require_once('C:\\xampp\\htdocs...')
#4 C:\xampp\htdocs\bepnamduongvn\wp-admin\admin-ajax.php(22): require_once('C:\\xampp\\htdocs...')
#5 {main}
  thrown in C:\xampp\htdocs\bepnamduongvn\wp-includes\plugin.php on line 121

